[+] Containers:
 |- [+] Container: /Game/FirstPerson/Maps/FirstPersonMap
 |   |- [+] ActorDescs:
 |   |   |- Guid:03EE074041A755ACD8F83D84916603DE BaseClass: NativeClass:/Script/Engine.StaticMeshActor Name:StaticMeshActor_UAID_10E7C623556566D301_1632254974 Label:Cube17 SpatiallyLoaded:1 Bounds:IsValid=true, Min=(X=-465.946 Y=1597.364 Z=236.764), Max=(X=-335.201 Y=2512.375 Z=417.396) RuntimeGrid:None EditorOnly:0 RuntimeOnly:0 HLODRelevant:1
 |   |   |- Guid:06F46170415471E2BA40DAA696A046E2 BaseClass: NativeClass:/Script/Engine.StaticMeshActor Name:StaticMeshActor_UAID_10E7C623556563D301_1994374414 Label:SM_Bar_008 SpatiallyLoaded:1 Bounds:IsValid=true, Min=(X=-100.611 Y=1920.924 Z=50.311), Max=(X=-58.388 Y=2197.771 Z=152.779) RuntimeGrid:None EditorOnly:0 RuntimeOnly:0 HLODRelevant:1
 |   |   |- Guid:07EF885640A6374602F959B9246D775C BaseClass: NativeClass:/Script/Engine.StaticMeshActor Name:StaticMeshActor_UAID_10E7C623556565D301_1722156787 Label:Cube12 SpatiallyLoaded:1 Bounds:IsValid=true, Min=(X=-362.020 Y=2193.863 Z=258.460), Max=(X=-308.365 Y=2213.574 Z=309.708) RuntimeGrid:None EditorOnly:0 RuntimeOnly:0 HLODRelevant:1
 |   |   |- Guid:09B8781A45DD057DD4F6978939C61E1C BaseClass: NativeClass:/Script/Engine.StaticMeshActor Name:StaticMeshActor_UAID_10E7C623556565D301_1785602790 Label:Cube14 SpatiallyLoaded:1 Bounds:IsValid=true, Min=(X=-78.163 Y=2193.863 Z=258.460), Max=(X=-56.580 Y=2213.574 Z=309.708) RuntimeGrid:None EditorOnly:0 RuntimeOnly:0 HLODRelevant:1
 |   |   |- Guid:115965C34244CD797AD413AC89659B79 BaseClass: NativeClass:/Script/Engine.StaticMeshActor Name:StaticMeshActor_UAID_10E7C623556564D301_1115270594 Label:SM_Cupboard_001 SpatiallyLoaded:1 Bounds:IsValid=true, Min=(X=-387.213 Y=2213.673 Z=50.296), Max=(X=-283.446 Y=2404.042 Z=242.410) RuntimeGrid:None EditorOnly:0 RuntimeOnly:0 HLODRelevant:1
 |   |   |- Guid:136928724F356CEFC2D08585E89290FF BaseClass: NativeClass:/Script/Engine.PointLight Name:PointLight_UAID_10E7C623556566D301_2127053996 Label:PointLight4 SpatiallyLoaded:1 Bounds:IsValid=true, Min=(X=-1044.664 Y=1463.963 Z=-751.099), Max=(X=955.336 Y=3463.963 Z=1248.901) RuntimeGrid:None EditorOnly:0 RuntimeOnly:0 HLODRelevant:0
 |   |   |- Guid:14CDDEE84C620D97AFB4F19CFFDB9258 BaseClass: NativeClass:/Script/Engine.StaticMeshActor Name:StaticMeshActor_UAID_10E7C623556566D301_2031117994 Label:SM_Sconce SpatiallyLoaded:1 Bounds:IsValid=true, Min=(X=-56.847 Y=2455.506 Z=195.769), Max=(X=-36.647 Y=2473.254 Z=246.062) RuntimeGrid:None EditorOnly:0 RuntimeOnly:0 HLODRelevant:1
 |   |   |- Guid:163372ED4AF0CBCEA962869F0587770B BaseClass: NativeClass:/Script/Engine.StaticMeshActor Name:StaticMeshActor_UAID_10E7C623556565D301_1359486781 Label:Cube8 SpatiallyLoaded:1 Bounds:IsValid=true, Min=(X=-493.599 Y=2209.983 Z=240.693), Max=(X=-335.362 Y=2405.511 Z=260.146) RuntimeGrid:None EditorOnly:0 RuntimeOnly:0 HLODRelevant:1
 |   |   |- Guid:19D1F19B4CD67B9B2C382FA429FCBF02 BaseClass: NativeClass:/Script/Engine.StaticMeshActor Name:StaticMeshActor_UAID_10E7C623556566D301_1606318973 Label:Cube16 SpatiallyLoaded:1 Bounds:IsValid=true, Min=(X=-465.946 Y=933.950 Z=30.152), Max=(X=-335.201 Y=1610.972 Z=417.033) RuntimeGrid:None EditorOnly:0 RuntimeOnly:0 HLODRelevant:1
 |   |   |- Guid:19FF69054D490AD37FDD8E9890085A2B BaseClass: NativeClass:/Script/Engine.StaticMeshActor Name:StaticMeshActor_UAID_10E7C623556566D301_1811245981 Label:SM_Bottle2 SpatiallyLoaded:1 Bounds:IsValid=true, Min=(X=-380.785 Y=2248.406 Z=154.299), Max=(X=-368.042 Y=2261.149 Z=196.741) RuntimeGrid:None EditorOnly:0 RuntimeOnly:0 HLODRelevant:1
 |   |   |- Guid:1E9172FF45876B869D4533B8D6EED66C BaseClass: NativeClass:/Script/Engine.StaticMeshActor Name:StaticMeshActor_UAID_10E7C623556566D301_2089932995 Label:SM_Sconce2 SpatiallyLoaded:1 Bounds:IsValid=true, Min=(X=-75.720 Y=2476.072 Z=195.769), Max=(X=-57.972 Y=2496.272 Z=246.062) RuntimeGrid:None EditorOnly:0 RuntimeOnly:0 HLODRelevant:1
 |   |   |- Guid:215892BB46FE0D798593FBA0A0CA3023 BaseClass: NativeClass:/Script/Engine.PointLight Name:PointLight_UAID_10E7C623556565D301_1947652795 Label:PointLight2 SpatiallyLoaded:1 Bounds:IsValid=true, Min=(X=-1213.970 Y=1063.942 Z=-718.988), Max=(X=786.030 Y=3063.942 Z=1281.012) RuntimeGrid:None EditorOnly:0 RuntimeOnly:0 HLODRelevant:0
 |   |   |- Guid:2632E0554D2F5A40917FAAB83163F261 BaseClass: NativeClass:/Script/Engine.StaticMeshActor Name:StaticMeshActor_UAID_10E7C623556566D301_1959713991 Label:SM_Bottle_005 SpatiallyLoaded:1 Bounds:IsValid=true, Min=(X=-363.394 Y=2351.356 Z=197.991), Max=(X=-345.361 Y=2363.967 Z=226.849) RuntimeGrid:None EditorOnly:0 RuntimeOnly:0 HLODRelevant:1
 |   |   |- Guid:2B60E312453D7EBEA15E1B9037192D21 BaseClass: NativeClass:/Script/Engine.StaticMeshActor Name:StaticMeshActor_UAID_10E7C623556565D301_1442393784 Label:Cube9 SpatiallyLoaded:1 Bounds:IsValid=true, Min=(X=-493.599 Y=1712.460 Z=240.693), Max=(X=-335.362 Y=1907.988 Z=260.146) RuntimeGrid:None EditorOnly:0 RuntimeOnly:0 HLODRelevant:1
 |   |   |- Guid:30F37D694B7FE6C9324E1C8054D648C9 BaseClass: NativeClass:/Script/Engine.StaticMeshActor Name:StaticMeshActor_UAID_10E7C623556563D301_1965884413 Label:SM_Bar_6 SpatiallyLoaded:1 Bounds:IsValid=true, Min=(X=-335.003 Y=1637.914 Z=42.870), Max=(X=-41.643 Y=1935.978 Z=311.207) RuntimeGrid:None EditorOnly:0 RuntimeOnly:0 HLODRelevant:1
 |   |   |- Guid:326496F145FEBF676085EFB872F9CD47 BaseClass: NativeClass:/Script/Engine.StaticMeshActor Name:StaticMeshActor_UAID_10E7C623556566D301_1699955975 Label:SM_Bar_Chair4 SpatiallyLoaded:1 Bounds:IsValid=true, Min=(X=-292.420 Y=2516.703 Z=49.961), Max=(X=-235.421 Y=2573.702 Z=129.079) RuntimeGrid:None EditorOnly:0 RuntimeOnly:0 HLODRelevant:0
 |   |   |- Guid:354B82354029BC970520ECB2C238BC9E BaseClass: NativeClass:/Script/Engine.StaticMeshActor Name:StaticMeshActor_UAID_10E7C623556566D301_1911607989 Label:SM_Bowl2 SpatiallyLoaded:1 Bounds:IsValid=true, Min=(X=-380.183 Y=2364.574 Z=204.094), Max=(X=-347.863 Y=2396.893 Z=220.245) RuntimeGrid:None EditorOnly:0 RuntimeOnly:0 HLODRelevant:1
 |   |   |- Guid:3AF9DC5947AAB658077AB386C5831951 BaseClass: NativeClass:/Script/Engine.PointLight Name:PointLight_UAID_10E7C623556565D301_1950252796 Label:PointLight3 SpatiallyLoaded:1 Bounds:IsValid=true, Min=(X=-1213.970 Y=1299.702 Z=-718.988), Max=(X=786.030 Y=3299.702 Z=1281.012) RuntimeGrid:None EditorOnly:0 RuntimeOnly:0 HLODRelevant:0
 |   |   |- Guid:3C10DD5B4C5DF248EFBB10BB1E7B6689 BaseClass: NativeClass:/Script/Engine.StaticMeshActor Name:StaticMeshActor_UAID_10E7C623556565D301_1137393779 Label:Cube3 SpatiallyLoaded:1 Bounds:IsValid=true, Min=(X=-455.679 Y=1902.853 Z=20.950), Max=(X=-324.934 Y=1937.772 Z=265.810) RuntimeGrid:None EditorOnly:0 RuntimeOnly:0 HLODRelevant:1
 |   |   |- Guid:456AB7FD470E7F62EFA03BA1DCF1341D BaseClass: NativeClass:/Script/Engine.StaticMeshActor Name:StaticMeshActor_UAID_10E7C623556566D301_1869671986 Label:SM_Bottle_002 SpatiallyLoaded:1 Bounds:IsValid=true, Min=(X=-371.737 Y=2263.762 Z=155.384), Max=(X=-361.670 Y=2273.829 Z=199.253) RuntimeGrid:None EditorOnly:0 RuntimeOnly:0 HLODRelevant:1
 |   |   |- Guid:45A459F84963A72AAB0120BE95DD0AC3 BaseClass: NativeClass:/Script/Engine.StaticMeshActor Name:StaticMeshActor_UAID_10E7C623556566D301_1826723983 Label:SM_Bottle_2 SpatiallyLoaded:1 Bounds:IsValid=true, Min=(X=-374.722 Y=2221.997 Z=155.286), Max=(X=-361.979 Y=2234.740 Z=197.728) RuntimeGrid:None EditorOnly:0 RuntimeOnly:0 HLODRelevant:1
 |   |   |- Guid:4CDDF0A643B82C3E9D22B69C57F3D233 BaseClass: NativeClass:/Script/Engine.StaticMeshActor Name:StaticMeshActor_UAID_10E7C623556564D301_1789095599 Label:Cube4 SpatiallyLoaded:1 Bounds:IsValid=true, Min=(X=-73.027 Y=1927.691 Z=250.716), Max=(X=-57.948 Y=2192.246 Z=262.403) RuntimeGrid:None EditorOnly:0 RuntimeOnly:0 HLODRelevant:1
 |   |   |- Guid:593A3E7347C7C0CBB54D25933F3ECCB1 BaseClass: NativeClass:/Script/Engine.StaticMeshActor Name:StaticMeshActor_UAID_10E7C623556566D301_1833080984 Label:SM_Bottle_003 SpatiallyLoaded:1 Bounds:IsValid=true, Min=(X=-376.903 Y=2295.405 Z=155.328), Max=(X=-358.949 Y=2313.359 Z=193.906) RuntimeGrid:None EditorOnly:0 RuntimeOnly:0 HLODRelevant:1
 |   |   |- Guid:5FE7584649BB6F09265329A6C57CFD0D BaseClass: NativeClass:/Script/Engine.VolumetricCloud Name:VolumetricCloud_0 Label:VolumetricCloud SpatiallyLoaded:0 Bounds:IsValid=true, Min=(X=0.000 Y=0.000 Z=820.000), Max=(X=0.000 Y=0.000 Z=820.000) RuntimeGrid:None EditorOnly:0 RuntimeOnly:0 HLODRelevant:0 FolderPath:Lighting FolderGuid:0BA5F0A04EADB18E70D5B180D08FA34B
 |   |   |- Guid:61391D344900612A77DFC3BA3E354907 BaseClass: NativeClass:/Script/Engine.ExponentialHeightFog Name:ExponentialHeightFog_0 Label:ExponentialHeightFog SpatiallyLoaded:0 Bounds:IsValid=true, Min=(X=-5600.000 Y=-50.000 Z=-6850.000), Max=(X=-5600.000 Y=-50.000 Z=-6850.000) RuntimeGrid:None EditorOnly:0 RuntimeOnly:0 HLODRelevant:0 FolderPath:Lighting FolderGuid:0BA5F0A04EADB18E70D5B180D08FA34B
 |   |   |- Guid:645BCBCE486AC9BD0E8F12BF3B9538BD BaseClass: NativeClass:/Script/Engine.StaticMeshActor Name:StaticMeshActor_UAID_10E7C623556565D301_1785604791 Label:Cube15 SpatiallyLoaded:1 Bounds:IsValid=true, Min=(X=-78.163 Y=1907.829 Z=258.460), Max=(X=-56.580 Y=1928.829 Z=309.708) RuntimeGrid:None EditorOnly:0 RuntimeOnly:0 HLODRelevant:1
 |   |   |- Guid:65496D294C55DA9B00432A858B005B91 BaseClass: NativeClass:/Script/Engine.StaticMeshActor Name:StaticMeshActor_UAID_10E7C623556566D301_1736535978 Label:SM_Bar_Chair7 SpatiallyLoaded:1 Bounds:IsValid=true, Min=(X=-20.321 Y=1714.465 Z=49.961), Max=(X=48.626 Y=1783.411 Z=129.079) RuntimeGrid:None EditorOnly:0 RuntimeOnly:0 HLODRelevant:1
 |   |   |- Guid:6737793D4F45B845D6D6E69051F0775A BaseClass: NativeClass:/Script/Engine.StaticMeshActor Name:StaticMeshActor_UAID_10E7C623556565D301_1080178777 Label:Cube6 SpatiallyLoaded:1 Bounds:IsValid=true, Min=(X=-465.946 Y=2505.449 Z=30.152), Max=(X=-335.201 Y=3182.471 Z=417.033) RuntimeGrid:None EditorOnly:0 RuntimeOnly:0 HLODRelevant:1
 |   |   |- Guid:67ACD32E4D4B53490A5413B588EC13D7 BaseClass: NativeClass:/Script/Engine.StaticMeshActor Name:StaticMeshActor_UAID_10E7C623556566D301_1817387982 Label:SM_Bottle_001 SpatiallyLoaded:1 Bounds:IsValid=true, Min=(X=-374.722 Y=2314.082 Z=155.092), Max=(X=-361.979 Y=2326.825 Z=197.533) RuntimeGrid:None EditorOnly:0 RuntimeOnly:0 HLODRelevant:1
 |   |   |- Guid:6FEFB3BD4EB37B849EF0D4AC80F83855 BaseClass: NativeClass:/Script/Engine.WorldDataLayers Name:WorldDataLayers Label:WorldDataLayers SpatiallyLoaded:0 Bounds:IsValid=true, Min=(X=0.000 Y=0.000 Z=0.000), Max=(X=0.000 Y=0.000 Z=0.000) RuntimeGrid:None EditorOnly:0 RuntimeOnly:0 HLODRelevant:0
 |   |   |- Guid:7C241BCD4975ADBEC6B633B215599F01 BaseClass: NativeClass:/Script/Engine.StaticMeshActor Name:StaticMeshActor_UAID_10E7C623556564D301_1140464595 Label:SM_Cupboard_2 SpatiallyLoaded:1 Bounds:IsValid=true, Min=(X=-387.213 Y=1716.110 Z=50.296), Max=(X=-283.446 Y=1906.479 Z=242.410) RuntimeGrid:None EditorOnly:0 RuntimeOnly:0 HLODRelevant:1
 |   |   |- Guid:7FF588A446E1C9073927CB8792D105F1 BaseClass: NativeClass:/Script/Engine.StaticMeshActor Name:StaticMeshActor_UAID_10E7C623556565D301_1260054780 Label:Cube7 SpatiallyLoaded:1 Bounds:IsValid=true, Min=(X=-465.946 Y=1609.373 Z=23.477), Max=(X=-335.201 Y=1717.057 Z=263.284) RuntimeGrid:None EditorOnly:0 RuntimeOnly:0 HLODRelevant:1
 |   |   |- Guid:80A226C344EA3FDCE0994A8236B8BAB0 BaseClass: NativeClass:/Script/Engine.StaticMeshActor Name:StaticMeshActor_UAID_10E7C623556565D301_1503885785 Label:Cube10 SpatiallyLoaded:1 Bounds:IsValid=true, Min=(X=-383.451 Y=1589.630 Z=309.578), Max=(X=-10.706 Y=2560.925 Z=329.032) RuntimeGrid:None EditorOnly:0 RuntimeOnly:0 HLODRelevant:1
 |   |   |- Guid:819CF0CE47E09594E8CB86A6C2F3DB9D BaseClass: NativeClass:/Script/Engine.StaticMeshActor Name:StaticMeshActor_UAID_10E7C623556563D301_1964273412 Label:SM_Bar_005 SpatiallyLoaded:1 Bounds:IsValid=true, Min=(X=-335.003 Y=2186.163 Z=42.870), Max=(X=-41.643 Y=2484.227 Z=311.207) RuntimeGrid:None EditorOnly:0 RuntimeOnly:0 HLODRelevant:1
 |   |   |- Guid:95AED18E4C6402B25F678CA1EFEE5FFA BaseClass: NativeClass:/Script/Engine.PointLight Name:PointLight_UAID_10E7C623556567D301_1109071173 Label:PointLight5 SpatiallyLoaded:1 Bounds:IsValid=true, Min=(X=-1063.776 Y=1489.462 Z=-749.153), Max=(X=936.224 Y=3489.462 Z=1250.847) RuntimeGrid:None EditorOnly:0 RuntimeOnly:0 HLODRelevant:0
 |   |   |- Guid:9E74B3AF40BDB95024ED8EBA7E95A4AB BaseClass: NativeClass:/Script/Engine.StaticMeshActor Name:StaticMeshActor_UAID_10E7C623556566D301_1845239985 Label:SM_Bottle_004 SpatiallyLoaded:1 Bounds:IsValid=true, Min=(X=-379.897 Y=2274.804 Z=155.013), Max=(X=-359.411 Y=2295.290 Z=191.778) RuntimeGrid:None EditorOnly:0 RuntimeOnly:0 HLODRelevant:1
 |   |   |- Guid:A2A2AE3C43AC757CEC20DC8B6E21F770 BaseClass: NativeClass:/Script/Engine.StaticMeshActor Name:StaticMeshActor_UAID_10E7C623556564D301_1080109593 Label:SM_Bar_Chair3 SpatiallyLoaded:1 Bounds:IsValid=true, Min=(X=-34.301 Y=2130.245 Z=49.961), Max=(X=22.699 Y=2187.245 Z=129.079) RuntimeGrid:None EditorOnly:0 RuntimeOnly:0 HLODRelevant:1
 |   |   |- Guid:A2C991094909ED997866C197CF050BF0 BaseClass: NativeClass:/Script/Engine.StaticMeshActor Name:StaticMeshActor_UAID_10E7C623556563D301_2142327416 Label:SM_Bar_Chair2 SpatiallyLoaded:1 Bounds:IsValid=true, Min=(X=-34.421 Y=2258.345 Z=49.961), Max=(X=39.030 Y=2331.795 Z=129.079) RuntimeGrid:None EditorOnly:0 RuntimeOnly:0 HLODRelevant:1
 |   |   |- Guid:A354B1B24E617A525DC6B48CCDE2417E BaseClass: NativeClass:/Script/Engine.PlayerStart Name:PlayerStart_0 Label:PlayerStart SpatiallyLoaded:0 Bounds:IsValid=true, Min=(X=860.000 Y=810.000 Z=0.013), Max=(X=940.000 Y=890.000 Z=184.013) RuntimeGrid:None EditorOnly:0 RuntimeOnly:0 HLODRelevant:0
 |   |   |- Guid:A99350934D7032984DAA17AB4F190D62 BaseClass: NativeClass:/Script/Engine.StaticMeshActor Name:StaticMeshActor_UAID_10E7C623556562D301_1708839223 Label:SM_Bar_004 SpatiallyLoaded:1 Bounds:IsValid=true, Min=(X=852.898 Y=1299.444 Z=432.201), Max=(X=852.898 Y=1299.444 Z=432.201) RuntimeGrid:None EditorOnly:0 RuntimeOnly:0 HLODRelevant:0
 |   |   |- Guid:A9FEB99C4C1D47E46E8CC18DB87AB9C5 BaseClass: NativeClass:/Script/Engine.StaticMeshActor Name:StaticMeshActor_UAID_10E7C623556563D301_2077754415 Label:SM_Bar_Chair SpatiallyLoaded:1 Bounds:IsValid=true, Min=(X=-17.001 Y=2372.853 Z=49.961), Max=(X=39.999 Y=2429.853 Z=129.079) RuntimeGrid:None EditorOnly:0 RuntimeOnly:0 HLODRelevant:0
 |   |   |- Guid:AB9F0CBC4FF24DEDCD0A74A9A51D258A BaseClass: NativeClass:/Script/Engine.StaticMeshActor Name:StaticMeshActor_UAID_10E7C623556566D301_1713160976 Label:SM_Bar_Chair5 SpatiallyLoaded:1 Bounds:IsValid=true, Min=(X=-196.989 Y=2508.132 Z=49.961), Max=(X=-122.847 Y=2582.273 Z=129.079) RuntimeGrid:None EditorOnly:0 RuntimeOnly:0 HLODRelevant:0
 |   |   |- Guid:B6B2A3E54B11C5D4F0BC83B3783543BA BaseClass: NativeClass:/Script/Engine.StaticMeshActor Name:StaticMeshActor_UAID_10E7C623556565D301_1580056786 Label:Cube11 SpatiallyLoaded:1 Bounds:IsValid=true, Min=(X=-364.758 Y=1670.643 Z=258.460), Max=(X=-311.103 Y=2469.170 Z=309.708) RuntimeGrid:None EditorOnly:0 RuntimeOnly:0 HLODRelevant:1
 |   |   |- Guid:C0C56B9644AE3D40CAFF6A878DB29844 BaseClass: NativeClass:/Script/Engine.StaticMeshActor Name:StaticMeshActor_UAID_A4AE111137DC5EFB00_2001720423 Label:SM_SkySphere SpatiallyLoaded:0 Bounds:IsValid=true, Min=(X=-1638400.000 Y=-1638400.000 Z=-1638400.000), Max=(X=1638400.000 Y=1638400.000 Z=1638400.000) RuntimeGrid:None EditorOnly:0 RuntimeOnly:0 HLODRelevant:1 FolderPath:Lighting FolderGuid:0BA5F0A04EADB18E70D5B180D08FA34B
 |   |   |- Guid:C22CE07C4B87D685137FDBBC10FC92C6 BaseClass: NativeClass:/Script/Engine.SkyAtmosphere Name:SkyAtmosphere_0 Label:SkyAtmosphere SpatiallyLoaded:0 Bounds:IsValid=true, Min=(X=0.000 Y=0.000 Z=1020.000), Max=(X=0.000 Y=0.000 Z=1020.000) RuntimeGrid:None EditorOnly:0 RuntimeOnly:0 HLODRelevant:0 FolderPath:Lighting FolderGuid:0BA5F0A04EADB18E70D5B180D08FA34B
 |   |   |- Guid:CE04EBAE49B03A718CC46DBBF46EB4C0 BaseClass: NativeClass:/Script/Engine.StaticMeshActor Name:StaticMeshActor_UAID_10E7C623556564D301_1233037596 Label:Cube2 SpatiallyLoaded:1 Bounds:IsValid=true, Min=(X=-455.679 Y=2185.781 Z=23.477), Max=(X=-324.934 Y=2215.648 Z=263.284) RuntimeGrid:None EditorOnly:0 RuntimeOnly:0 HLODRelevant:1
 |   |   |- Guid:CE8D82634660FCDB3120E2B8D547C533 BaseClass: NativeClass:/Script/Engine.PostProcessVolume Name:PostProcessVolume_0 Label:PostProcessVolume SpatiallyLoaded:0 Bounds:IsValid=true, Min=(X=0.000 Y=0.000 Z=400.000), Max=(X=200.000 Y=200.000 Z=600.000) RuntimeGrid:None EditorOnly:0 RuntimeOnly:0 HLODRelevant:0 FolderPath:Lighting FolderGuid:0BA5F0A04EADB18E70D5B180D08FA34B
 |   |   |- Guid:D74A5E9A425C65A5B9A681A961DFA4A5 BaseClass: NativeClass:/Script/Engine.StaticMeshActor Name:StaticMeshActor_UAID_10E7C623556566D301_1909126988 Label:SM_Bowl SpatiallyLoaded:1 Bounds:IsValid=true, Min=(X=-378.712 Y=2364.295 Z=198.064), Max=(X=-346.393 Y=2396.615 Z=214.215) RuntimeGrid:None EditorOnly:0 RuntimeOnly:0 HLODRelevant:1
 |   |   |- Guid:D94ECFCC4265F190D7DC6DAFCBA50AF2 BaseClass: NativeClass:/Script/Engine.StaticMeshActor Name:StaticMeshActor_UAID_10E7C623556566D301_1748409979 Label:SM_Bar_Chair8 SpatiallyLoaded:1 Bounds:IsValid=true, Min=(X=-209.015 Y=1532.759 Z=49.961), Max=(X=-140.068 Y=1601.705 Z=129.079) RuntimeGrid:None EditorOnly:0 RuntimeOnly:0 HLODRelevant:1
 |   |   |- Guid:E3E6145848A82B1EBE4312A87F2ECC0C BaseClass: NativeClass:/Script/Engine.StaticMeshActor Name:StaticMeshActor_UAID_10E7C623556566D301_1935960990 Label:SM_Bowl3 SpatiallyLoaded:1 Bounds:IsValid=true, Min=(X=-380.183 Y=2364.574 Z=211.405), Max=(X=-347.863 Y=2396.893 Z=227.556) RuntimeGrid:None EditorOnly:0 RuntimeOnly:0 HLODRelevant:1
 |   |   |- Guid:E5320C1B4FD9764CE7B54D8487AEC613 BaseClass: NativeClass:/Script/Engine.SkyLight Name:SkyLight_0 Label:SkyLight SpatiallyLoaded:0 Bounds:IsValid=true, Min=(X=0.000 Y=0.000 Z=690.000), Max=(X=0.000 Y=0.000 Z=690.000) RuntimeGrid:None EditorOnly:0 RuntimeOnly:0 HLODRelevant:0 FolderPath:Lighting FolderGuid:0BA5F0A04EADB18E70D5B180D08FA34B
 |   |   |- Guid:E5D8349748C2A58A4FC38588711E2406 BaseClass: NativeClass:/Script/Engine.StaticMeshActor Name:StaticMeshActor_UAID_10E7C623556566D301_1728925977 Label:SM_Bar_Chair6 SpatiallyLoaded:1 Bounds:IsValid=true, Min=(X=-35.941 Y=1832.367 Z=49.961), Max=(X=24.339 Y=1892.647 Z=129.079) RuntimeGrid:None EditorOnly:0 RuntimeOnly:0 HLODRelevant:1
 |   |   |- Guid:E7C6714D4B675FCA969F63B9D05FDBD7 BaseClass: NativeClass:/Script/Engine.StaticMeshActor Name:StaticMeshActor_UAID_10E7C623556566D301_1797291980 Label:SM_Bottle SpatiallyLoaded:1 Bounds:IsValid=true, Min=(X=-380.785 Y=2327.587 Z=154.755), Max=(X=-368.042 Y=2340.330 Z=197.196) RuntimeGrid:None EditorOnly:0 RuntimeOnly:0 HLODRelevant:1
 |   |   |- Guid:EA7F8899455B1B0738F4D2A3C8000CBD BaseClass: NativeClass:/Script/Engine.StaticMeshActor Name:StaticMeshActor_UAID_10E7C623556565D301_1765658788 Label:Cube13 SpatiallyLoaded:1 Bounds:IsValid=true, Min=(X=-362.020 Y=1908.117 Z=258.460), Max=(X=-308.365 Y=1927.829 Z=309.708) RuntimeGrid:None EditorOnly:0 RuntimeOnly:0 HLODRelevant:1
 |   |   |- Guid:EC6B1B2345918AB32EB67D83890D9E4A BaseClass: NativeClass:/Script/Engine.StaticMeshActor Name:StaticMeshActor_UAID_10E7C623556564D301_2123369600 Label:Cube5 SpatiallyLoaded:1 Bounds:IsValid=true, Min=(X=-465.946 Y=2402.120 Z=23.477), Max=(X=-335.201 Y=2512.645 Z=263.284) RuntimeGrid:None EditorOnly:0 RuntimeOnly:0 HLODRelevant:1
 |   |   |- Guid:F07908154F45C0FB021695B62E744A0F BaseClass: NativeClass:/Script/Engine.PointLight Name:PointLight_UAID_10E7C623556565D301_1921643794 Label:PointLight SpatiallyLoaded:1 Bounds:IsValid=true, Min=(X=-1213.970 Y=848.413 Z=-718.988), Max=(X=786.030 Y=2848.413 Z=1281.012) RuntimeGrid:None EditorOnly:0 RuntimeOnly:0 HLODRelevant:0
 |   |   |- Guid:F5598B054D0CB3837AEA128857E8754B BaseClass: NativeClass:/Script/Engine.StaticMeshActor Name:StaticMeshActor_UAID_10E7C623556566D301_1881700987 Label:SM_Bottle_3 SpatiallyLoaded:1 Bounds:IsValid=true, Min=(X=-371.737 Y=2237.210 Z=155.384), Max=(X=-361.670 Y=2247.276 Z=199.253) RuntimeGrid:None EditorOnly:0 RuntimeOnly:0 HLODRelevant:1
 |   |   |- Guid:F80621C9446867154938FE81375207DA BaseClass: NativeClass:/Script/Engine.DirectionalLight Name:DirectionalLight_1 Label:DirectionalLight SpatiallyLoaded:0 Bounds:IsValid=true, Min=(X=-4398046511104.000 Y=-4398046511104.000 Z=-4398046511104.000), Max=(X=4398046511104.000 Y=4398046511104.000 Z=4398046511104.000) RuntimeGrid:None EditorOnly:0 RuntimeOnly:0 HLODRelevant:0 FolderPath:Lighting FolderGuid:0BA5F0A04EADB18E70D5B180D08FA34B
 |   |   |- Guid:F9FB3C3A454D2CCE0BD59480FFFA0D28 BaseClass: NativeClass:/Script/Engine.StaticMeshActor Name:StaticMeshActor_UAID_10E7C623556563D301_1451992407 Label:Cube SpatiallyLoaded:1 Bounds:IsValid=true, Min=(X=-732.438 Y=371.394 Z=-50.000), Max=(X=3067.562 Y=4546.394 Z=50.000) RuntimeGrid:None EditorOnly:0 RuntimeOnly:0 HLODRelevant:1
 |   |- [+] Clusters:
 |   |   |- [+] [  0]
 |   |   |   |- Guid:61391D344900612A77DFC3BA3E354907 BaseClass: NativeClass:/Script/Engine.ExponentialHeightFog Name:ExponentialHeightFog_0 Label:ExponentialHeightFog SpatiallyLoaded:0 Bounds:IsValid=true, Min=(X=-5600.000 Y=-50.000 Z=-6850.000), Max=(X=-5600.000 Y=-50.000 Z=-6850.000) RuntimeGrid:None EditorOnly:0 RuntimeOnly:0 HLODRelevant:0 FolderPath:Lighting FolderGuid:0BA5F0A04EADB18E70D5B180D08FA34B
 |   |   |- [+] [  1]
 |   |   |   |- Guid:5FE7584649BB6F09265329A6C57CFD0D BaseClass: NativeClass:/Script/Engine.VolumetricCloud Name:VolumetricCloud_0 Label:VolumetricCloud SpatiallyLoaded:0 Bounds:IsValid=true, Min=(X=0.000 Y=0.000 Z=820.000), Max=(X=0.000 Y=0.000 Z=820.000) RuntimeGrid:None EditorOnly:0 RuntimeOnly:0 HLODRelevant:0 FolderPath:Lighting FolderGuid:0BA5F0A04EADB18E70D5B180D08FA34B
 |   |   |- [+] [  2]
 |   |   |   |- Guid:F80621C9446867154938FE81375207DA BaseClass: NativeClass:/Script/Engine.DirectionalLight Name:DirectionalLight_1 Label:DirectionalLight SpatiallyLoaded:0 Bounds:IsValid=true, Min=(X=-4398046511104.000 Y=-4398046511104.000 Z=-4398046511104.000), Max=(X=4398046511104.000 Y=4398046511104.000 Z=4398046511104.000) RuntimeGrid:None EditorOnly:0 RuntimeOnly:0 HLODRelevant:0 FolderPath:Lighting FolderGuid:0BA5F0A04EADB18E70D5B180D08FA34B
 |   |   |- [+] [  3]
 |   |   |   |- Guid:E5320C1B4FD9764CE7B54D8487AEC613 BaseClass: NativeClass:/Script/Engine.SkyLight Name:SkyLight_0 Label:SkyLight SpatiallyLoaded:0 Bounds:IsValid=true, Min=(X=0.000 Y=0.000 Z=690.000), Max=(X=0.000 Y=0.000 Z=690.000) RuntimeGrid:None EditorOnly:0 RuntimeOnly:0 HLODRelevant:0 FolderPath:Lighting FolderGuid:0BA5F0A04EADB18E70D5B180D08FA34B
 |   |   |- [+] [  4]
 |   |   |   |- Guid:A354B1B24E617A525DC6B48CCDE2417E BaseClass: NativeClass:/Script/Engine.PlayerStart Name:PlayerStart_0 Label:PlayerStart SpatiallyLoaded:0 Bounds:IsValid=true, Min=(X=860.000 Y=810.000 Z=0.013), Max=(X=940.000 Y=890.000 Z=184.013) RuntimeGrid:None EditorOnly:0 RuntimeOnly:0 HLODRelevant:0
 |   |   |- [+] [  5]
 |   |   |   |- Guid:C22CE07C4B87D685137FDBBC10FC92C6 BaseClass: NativeClass:/Script/Engine.SkyAtmosphere Name:SkyAtmosphere_0 Label:SkyAtmosphere SpatiallyLoaded:0 Bounds:IsValid=true, Min=(X=0.000 Y=0.000 Z=1020.000), Max=(X=0.000 Y=0.000 Z=1020.000) RuntimeGrid:None EditorOnly:0 RuntimeOnly:0 HLODRelevant:0 FolderPath:Lighting FolderGuid:0BA5F0A04EADB18E70D5B180D08FA34B
 |   |   |- [+] [  6]
 |   |   |   |- Guid:C0C56B9644AE3D40CAFF6A878DB29844 BaseClass: NativeClass:/Script/Engine.StaticMeshActor Name:StaticMeshActor_UAID_A4AE111137DC5EFB00_2001720423 Label:SM_SkySphere SpatiallyLoaded:0 Bounds:IsValid=true, Min=(X=-1638400.000 Y=-1638400.000 Z=-1638400.000), Max=(X=1638400.000 Y=1638400.000 Z=1638400.000) RuntimeGrid:None EditorOnly:0 RuntimeOnly:0 HLODRelevant:1 FolderPath:Lighting FolderGuid:0BA5F0A04EADB18E70D5B180D08FA34B
 |   |   |- [+] [  7]
 |   |   |   |- Guid:6FEFB3BD4EB37B849EF0D4AC80F83855 BaseClass: NativeClass:/Script/Engine.WorldDataLayers Name:WorldDataLayers Label:WorldDataLayers SpatiallyLoaded:0 Bounds:IsValid=true, Min=(X=0.000 Y=0.000 Z=0.000), Max=(X=0.000 Y=0.000 Z=0.000) RuntimeGrid:None EditorOnly:0 RuntimeOnly:0 HLODRelevant:0
 |   |   |- [+] [  8]
 |   |   |   |- Guid:CE8D82634660FCDB3120E2B8D547C533 BaseClass: NativeClass:/Script/Engine.PostProcessVolume Name:PostProcessVolume_0 Label:PostProcessVolume SpatiallyLoaded:0 Bounds:IsValid=true, Min=(X=0.000 Y=0.000 Z=400.000), Max=(X=200.000 Y=200.000 Z=600.000) RuntimeGrid:None EditorOnly:0 RuntimeOnly:0 HLODRelevant:0 FolderPath:Lighting FolderGuid:0BA5F0A04EADB18E70D5B180D08FA34B
 |   |   |- [+] [  9]
 |   |   |   |- Guid:A99350934D7032984DAA17AB4F190D62 BaseClass: NativeClass:/Script/Engine.StaticMeshActor Name:StaticMeshActor_UAID_10E7C623556562D301_1708839223 Label:SM_Bar_004 SpatiallyLoaded:1 Bounds:IsValid=true, Min=(X=852.898 Y=1299.444 Z=432.201), Max=(X=852.898 Y=1299.444 Z=432.201) RuntimeGrid:None EditorOnly:0 RuntimeOnly:0 HLODRelevant:0
 |   |   |- [+] [ 10]
 |   |   |   |- Guid:F9FB3C3A454D2CCE0BD59480FFFA0D28 BaseClass: NativeClass:/Script/Engine.StaticMeshActor Name:StaticMeshActor_UAID_10E7C623556563D301_1451992407 Label:Cube SpatiallyLoaded:1 Bounds:IsValid=true, Min=(X=-732.438 Y=371.394 Z=-50.000), Max=(X=3067.562 Y=4546.394 Z=50.000) RuntimeGrid:None EditorOnly:0 RuntimeOnly:0 HLODRelevant:1
 |   |   |- [+] [ 11]
 |   |   |   |- Guid:819CF0CE47E09594E8CB86A6C2F3DB9D BaseClass: NativeClass:/Script/Engine.StaticMeshActor Name:StaticMeshActor_UAID_10E7C623556563D301_1964273412 Label:SM_Bar_005 SpatiallyLoaded:1 Bounds:IsValid=true, Min=(X=-335.003 Y=2186.163 Z=42.870), Max=(X=-41.643 Y=2484.227 Z=311.207) RuntimeGrid:None EditorOnly:0 RuntimeOnly:0 HLODRelevant:1
 |   |   |- [+] [ 12]
 |   |   |   |- Guid:30F37D694B7FE6C9324E1C8054D648C9 BaseClass: NativeClass:/Script/Engine.StaticMeshActor Name:StaticMeshActor_UAID_10E7C623556563D301_1965884413 Label:SM_Bar_6 SpatiallyLoaded:1 Bounds:IsValid=true, Min=(X=-335.003 Y=1637.914 Z=42.870), Max=(X=-41.643 Y=1935.978 Z=311.207) RuntimeGrid:None EditorOnly:0 RuntimeOnly:0 HLODRelevant:1
 |   |   |- [+] [ 13]
 |   |   |   |- Guid:06F46170415471E2BA40DAA696A046E2 BaseClass: NativeClass:/Script/Engine.StaticMeshActor Name:StaticMeshActor_UAID_10E7C623556563D301_1994374414 Label:SM_Bar_008 SpatiallyLoaded:1 Bounds:IsValid=true, Min=(X=-100.611 Y=1920.924 Z=50.311), Max=(X=-58.388 Y=2197.771 Z=152.779) RuntimeGrid:None EditorOnly:0 RuntimeOnly:0 HLODRelevant:1
 |   |   |- [+] [ 14]
 |   |   |   |- Guid:A9FEB99C4C1D47E46E8CC18DB87AB9C5 BaseClass: NativeClass:/Script/Engine.StaticMeshActor Name:StaticMeshActor_UAID_10E7C623556563D301_2077754415 Label:SM_Bar_Chair SpatiallyLoaded:1 Bounds:IsValid=true, Min=(X=-17.001 Y=2372.853 Z=49.961), Max=(X=39.999 Y=2429.853 Z=129.079) RuntimeGrid:None EditorOnly:0 RuntimeOnly:0 HLODRelevant:0
 |   |   |- [+] [ 15]
 |   |   |   |- Guid:A2C991094909ED997866C197CF050BF0 BaseClass: NativeClass:/Script/Engine.StaticMeshActor Name:StaticMeshActor_UAID_10E7C623556563D301_2142327416 Label:SM_Bar_Chair2 SpatiallyLoaded:1 Bounds:IsValid=true, Min=(X=-34.421 Y=2258.345 Z=49.961), Max=(X=39.030 Y=2331.795 Z=129.079) RuntimeGrid:None EditorOnly:0 RuntimeOnly:0 HLODRelevant:1
 |   |   |- [+] [ 16]
 |   |   |   |- Guid:A2A2AE3C43AC757CEC20DC8B6E21F770 BaseClass: NativeClass:/Script/Engine.StaticMeshActor Name:StaticMeshActor_UAID_10E7C623556564D301_1080109593 Label:SM_Bar_Chair3 SpatiallyLoaded:1 Bounds:IsValid=true, Min=(X=-34.301 Y=2130.245 Z=49.961), Max=(X=22.699 Y=2187.245 Z=129.079) RuntimeGrid:None EditorOnly:0 RuntimeOnly:0 HLODRelevant:1
 |   |   |- [+] [ 17]
 |   |   |   |- Guid:115965C34244CD797AD413AC89659B79 BaseClass: NativeClass:/Script/Engine.StaticMeshActor Name:StaticMeshActor_UAID_10E7C623556564D301_1115270594 Label:SM_Cupboard_001 SpatiallyLoaded:1 Bounds:IsValid=true, Min=(X=-387.213 Y=2213.673 Z=50.296), Max=(X=-283.446 Y=2404.042 Z=242.410) RuntimeGrid:None EditorOnly:0 RuntimeOnly:0 HLODRelevant:1
 |   |   |- [+] [ 18]
 |   |   |   |- Guid:7C241BCD4975ADBEC6B633B215599F01 BaseClass: NativeClass:/Script/Engine.StaticMeshActor Name:StaticMeshActor_UAID_10E7C623556564D301_1140464595 Label:SM_Cupboard_2 SpatiallyLoaded:1 Bounds:IsValid=true, Min=(X=-387.213 Y=1716.110 Z=50.296), Max=(X=-283.446 Y=1906.479 Z=242.410) RuntimeGrid:None EditorOnly:0 RuntimeOnly:0 HLODRelevant:1
 |   |   |- [+] [ 19]
 |   |   |   |- Guid:CE04EBAE49B03A718CC46DBBF46EB4C0 BaseClass: NativeClass:/Script/Engine.StaticMeshActor Name:StaticMeshActor_UAID_10E7C623556564D301_1233037596 Label:Cube2 SpatiallyLoaded:1 Bounds:IsValid=true, Min=(X=-455.679 Y=2185.781 Z=23.477), Max=(X=-324.934 Y=2215.648 Z=263.284) RuntimeGrid:None EditorOnly:0 RuntimeOnly:0 HLODRelevant:1
 |   |   |- [+] [ 20]
 |   |   |   |- Guid:4CDDF0A643B82C3E9D22B69C57F3D233 BaseClass: NativeClass:/Script/Engine.StaticMeshActor Name:StaticMeshActor_UAID_10E7C623556564D301_1789095599 Label:Cube4 SpatiallyLoaded:1 Bounds:IsValid=true, Min=(X=-73.027 Y=1927.691 Z=250.716), Max=(X=-57.948 Y=2192.246 Z=262.403) RuntimeGrid:None EditorOnly:0 RuntimeOnly:0 HLODRelevant:1
 |   |   |- [+] [ 21]
 |   |   |   |- Guid:EC6B1B2345918AB32EB67D83890D9E4A BaseClass: NativeClass:/Script/Engine.StaticMeshActor Name:StaticMeshActor_UAID_10E7C623556564D301_2123369600 Label:Cube5 SpatiallyLoaded:1 Bounds:IsValid=true, Min=(X=-465.946 Y=2402.120 Z=23.477), Max=(X=-335.201 Y=2512.645 Z=263.284) RuntimeGrid:None EditorOnly:0 RuntimeOnly:0 HLODRelevant:1
 |   |   |- [+] [ 22]
 |   |   |   |- Guid:6737793D4F45B845D6D6E69051F0775A BaseClass: NativeClass:/Script/Engine.StaticMeshActor Name:StaticMeshActor_UAID_10E7C623556565D301_1080178777 Label:Cube6 SpatiallyLoaded:1 Bounds:IsValid=true, Min=(X=-465.946 Y=2505.449 Z=30.152), Max=(X=-335.201 Y=3182.471 Z=417.033) RuntimeGrid:None EditorOnly:0 RuntimeOnly:0 HLODRelevant:1
 |   |   |- [+] [ 23]
 |   |   |   |- Guid:3C10DD5B4C5DF248EFBB10BB1E7B6689 BaseClass: NativeClass:/Script/Engine.StaticMeshActor Name:StaticMeshActor_UAID_10E7C623556565D301_1137393779 Label:Cube3 SpatiallyLoaded:1 Bounds:IsValid=true, Min=(X=-455.679 Y=1902.853 Z=20.950), Max=(X=-324.934 Y=1937.772 Z=265.810) RuntimeGrid:None EditorOnly:0 RuntimeOnly:0 HLODRelevant:1
 |   |   |- [+] [ 24]
 |   |   |   |- Guid:7FF588A446E1C9073927CB8792D105F1 BaseClass: NativeClass:/Script/Engine.StaticMeshActor Name:StaticMeshActor_UAID_10E7C623556565D301_1260054780 Label:Cube7 SpatiallyLoaded:1 Bounds:IsValid=true, Min=(X=-465.946 Y=1609.373 Z=23.477), Max=(X=-335.201 Y=1717.057 Z=263.284) RuntimeGrid:None EditorOnly:0 RuntimeOnly:0 HLODRelevant:1
 |   |   |- [+] [ 25]
 |   |   |   |- Guid:163372ED4AF0CBCEA962869F0587770B BaseClass: NativeClass:/Script/Engine.StaticMeshActor Name:StaticMeshActor_UAID_10E7C623556565D301_1359486781 Label:Cube8 SpatiallyLoaded:1 Bounds:IsValid=true, Min=(X=-493.599 Y=2209.983 Z=240.693), Max=(X=-335.362 Y=2405.511 Z=260.146) RuntimeGrid:None EditorOnly:0 RuntimeOnly:0 HLODRelevant:1
 |   |   |- [+] [ 26]
 |   |   |   |- Guid:2B60E312453D7EBEA15E1B9037192D21 BaseClass: NativeClass:/Script/Engine.StaticMeshActor Name:StaticMeshActor_UAID_10E7C623556565D301_1442393784 Label:Cube9 SpatiallyLoaded:1 Bounds:IsValid=true, Min=(X=-493.599 Y=1712.460 Z=240.693), Max=(X=-335.362 Y=1907.988 Z=260.146) RuntimeGrid:None EditorOnly:0 RuntimeOnly:0 HLODRelevant:1
 |   |   |- [+] [ 27]
 |   |   |   |- Guid:80A226C344EA3FDCE0994A8236B8BAB0 BaseClass: NativeClass:/Script/Engine.StaticMeshActor Name:StaticMeshActor_UAID_10E7C623556565D301_1503885785 Label:Cube10 SpatiallyLoaded:1 Bounds:IsValid=true, Min=(X=-383.451 Y=1589.630 Z=309.578), Max=(X=-10.706 Y=2560.925 Z=329.032) RuntimeGrid:None EditorOnly:0 RuntimeOnly:0 HLODRelevant:1
 |   |   |- [+] [ 28]
 |   |   |   |- Guid:B6B2A3E54B11C5D4F0BC83B3783543BA BaseClass: NativeClass:/Script/Engine.StaticMeshActor Name:StaticMeshActor_UAID_10E7C623556565D301_1580056786 Label:Cube11 SpatiallyLoaded:1 Bounds:IsValid=true, Min=(X=-364.758 Y=1670.643 Z=258.460), Max=(X=-311.103 Y=2469.170 Z=309.708) RuntimeGrid:None EditorOnly:0 RuntimeOnly:0 HLODRelevant:1
 |   |   |- [+] [ 29]
 |   |   |   |- Guid:07EF885640A6374602F959B9246D775C BaseClass: NativeClass:/Script/Engine.StaticMeshActor Name:StaticMeshActor_UAID_10E7C623556565D301_1722156787 Label:Cube12 SpatiallyLoaded:1 Bounds:IsValid=true, Min=(X=-362.020 Y=2193.863 Z=258.460), Max=(X=-308.365 Y=2213.574 Z=309.708) RuntimeGrid:None EditorOnly:0 RuntimeOnly:0 HLODRelevant:1
 |   |   |- [+] [ 30]
 |   |   |   |- Guid:EA7F8899455B1B0738F4D2A3C8000CBD BaseClass: NativeClass:/Script/Engine.StaticMeshActor Name:StaticMeshActor_UAID_10E7C623556565D301_1765658788 Label:Cube13 SpatiallyLoaded:1 Bounds:IsValid=true, Min=(X=-362.020 Y=1908.117 Z=258.460), Max=(X=-308.365 Y=1927.829 Z=309.708) RuntimeGrid:None EditorOnly:0 RuntimeOnly:0 HLODRelevant:1
 |   |   |- [+] [ 31]
 |   |   |   |- Guid:09B8781A45DD057DD4F6978939C61E1C BaseClass: NativeClass:/Script/Engine.StaticMeshActor Name:StaticMeshActor_UAID_10E7C623556565D301_1785602790 Label:Cube14 SpatiallyLoaded:1 Bounds:IsValid=true, Min=(X=-78.163 Y=2193.863 Z=258.460), Max=(X=-56.580 Y=2213.574 Z=309.708) RuntimeGrid:None EditorOnly:0 RuntimeOnly:0 HLODRelevant:1
 |   |   |- [+] [ 32]
 |   |   |   |- Guid:645BCBCE486AC9BD0E8F12BF3B9538BD BaseClass: NativeClass:/Script/Engine.StaticMeshActor Name:StaticMeshActor_UAID_10E7C623556565D301_1785604791 Label:Cube15 SpatiallyLoaded:1 Bounds:IsValid=true, Min=(X=-78.163 Y=1907.829 Z=258.460), Max=(X=-56.580 Y=1928.829 Z=309.708) RuntimeGrid:None EditorOnly:0 RuntimeOnly:0 HLODRelevant:1
 |   |   |- [+] [ 33]
 |   |   |   |- Guid:F07908154F45C0FB021695B62E744A0F BaseClass: NativeClass:/Script/Engine.PointLight Name:PointLight_UAID_10E7C623556565D301_1921643794 Label:PointLight SpatiallyLoaded:1 Bounds:IsValid=true, Min=(X=-1213.970 Y=848.413 Z=-718.988), Max=(X=786.030 Y=2848.413 Z=1281.012) RuntimeGrid:None EditorOnly:0 RuntimeOnly:0 HLODRelevant:0
 |   |   |- [+] [ 34]
 |   |   |   |- Guid:215892BB46FE0D798593FBA0A0CA3023 BaseClass: NativeClass:/Script/Engine.PointLight Name:PointLight_UAID_10E7C623556565D301_1947652795 Label:PointLight2 SpatiallyLoaded:1 Bounds:IsValid=true, Min=(X=-1213.970 Y=1063.942 Z=-718.988), Max=(X=786.030 Y=3063.942 Z=1281.012) RuntimeGrid:None EditorOnly:0 RuntimeOnly:0 HLODRelevant:0
 |   |   |- [+] [ 35]
 |   |   |   |- Guid:3AF9DC5947AAB658077AB386C5831951 BaseClass: NativeClass:/Script/Engine.PointLight Name:PointLight_UAID_10E7C623556565D301_1950252796 Label:PointLight3 SpatiallyLoaded:1 Bounds:IsValid=true, Min=(X=-1213.970 Y=1299.702 Z=-718.988), Max=(X=786.030 Y=3299.702 Z=1281.012) RuntimeGrid:None EditorOnly:0 RuntimeOnly:0 HLODRelevant:0
 |   |   |- [+] [ 36]
 |   |   |   |- Guid:19D1F19B4CD67B9B2C382FA429FCBF02 BaseClass: NativeClass:/Script/Engine.StaticMeshActor Name:StaticMeshActor_UAID_10E7C623556566D301_1606318973 Label:Cube16 SpatiallyLoaded:1 Bounds:IsValid=true, Min=(X=-465.946 Y=933.950 Z=30.152), Max=(X=-335.201 Y=1610.972 Z=417.033) RuntimeGrid:None EditorOnly:0 RuntimeOnly:0 HLODRelevant:1
 |   |   |- [+] [ 37]
 |   |   |   |- Guid:03EE074041A755ACD8F83D84916603DE BaseClass: NativeClass:/Script/Engine.StaticMeshActor Name:StaticMeshActor_UAID_10E7C623556566D301_1632254974 Label:Cube17 SpatiallyLoaded:1 Bounds:IsValid=true, Min=(X=-465.946 Y=1597.364 Z=236.764), Max=(X=-335.201 Y=2512.375 Z=417.396) RuntimeGrid:None EditorOnly:0 RuntimeOnly:0 HLODRelevant:1
 |   |   |- [+] [ 38]
 |   |   |   |- Guid:326496F145FEBF676085EFB872F9CD47 BaseClass: NativeClass:/Script/Engine.StaticMeshActor Name:StaticMeshActor_UAID_10E7C623556566D301_1699955975 Label:SM_Bar_Chair4 SpatiallyLoaded:1 Bounds:IsValid=true, Min=(X=-292.420 Y=2516.703 Z=49.961), Max=(X=-235.421 Y=2573.702 Z=129.079) RuntimeGrid:None EditorOnly:0 RuntimeOnly:0 HLODRelevant:0
 |   |   |- [+] [ 39]
 |   |   |   |- Guid:AB9F0CBC4FF24DEDCD0A74A9A51D258A BaseClass: NativeClass:/Script/Engine.StaticMeshActor Name:StaticMeshActor_UAID_10E7C623556566D301_1713160976 Label:SM_Bar_Chair5 SpatiallyLoaded:1 Bounds:IsValid=true, Min=(X=-196.989 Y=2508.132 Z=49.961), Max=(X=-122.847 Y=2582.273 Z=129.079) RuntimeGrid:None EditorOnly:0 RuntimeOnly:0 HLODRelevant:0
 |   |   |- [+] [ 40]
 |   |   |   |- Guid:E5D8349748C2A58A4FC38588711E2406 BaseClass: NativeClass:/Script/Engine.StaticMeshActor Name:StaticMeshActor_UAID_10E7C623556566D301_1728925977 Label:SM_Bar_Chair6 SpatiallyLoaded:1 Bounds:IsValid=true, Min=(X=-35.941 Y=1832.367 Z=49.961), Max=(X=24.339 Y=1892.647 Z=129.079) RuntimeGrid:None EditorOnly:0 RuntimeOnly:0 HLODRelevant:1
 |   |   |- [+] [ 41]
 |   |   |   |- Guid:65496D294C55DA9B00432A858B005B91 BaseClass: NativeClass:/Script/Engine.StaticMeshActor Name:StaticMeshActor_UAID_10E7C623556566D301_1736535978 Label:SM_Bar_Chair7 SpatiallyLoaded:1 Bounds:IsValid=true, Min=(X=-20.321 Y=1714.465 Z=49.961), Max=(X=48.626 Y=1783.411 Z=129.079) RuntimeGrid:None EditorOnly:0 RuntimeOnly:0 HLODRelevant:1
 |   |   |- [+] [ 42]
 |   |   |   |- Guid:D94ECFCC4265F190D7DC6DAFCBA50AF2 BaseClass: NativeClass:/Script/Engine.StaticMeshActor Name:StaticMeshActor_UAID_10E7C623556566D301_1748409979 Label:SM_Bar_Chair8 SpatiallyLoaded:1 Bounds:IsValid=true, Min=(X=-209.015 Y=1532.759 Z=49.961), Max=(X=-140.068 Y=1601.705 Z=129.079) RuntimeGrid:None EditorOnly:0 RuntimeOnly:0 HLODRelevant:1
 |   |   |- [+] [ 43]
 |   |   |   |- Guid:E7C6714D4B675FCA969F63B9D05FDBD7 BaseClass: NativeClass:/Script/Engine.StaticMeshActor Name:StaticMeshActor_UAID_10E7C623556566D301_1797291980 Label:SM_Bottle SpatiallyLoaded:1 Bounds:IsValid=true, Min=(X=-380.785 Y=2327.587 Z=154.755), Max=(X=-368.042 Y=2340.330 Z=197.196) RuntimeGrid:None EditorOnly:0 RuntimeOnly:0 HLODRelevant:1
 |   |   |- [+] [ 44]
 |   |   |   |- Guid:19FF69054D490AD37FDD8E9890085A2B BaseClass: NativeClass:/Script/Engine.StaticMeshActor Name:StaticMeshActor_UAID_10E7C623556566D301_1811245981 Label:SM_Bottle2 SpatiallyLoaded:1 Bounds:IsValid=true, Min=(X=-380.785 Y=2248.406 Z=154.299), Max=(X=-368.042 Y=2261.149 Z=196.741) RuntimeGrid:None EditorOnly:0 RuntimeOnly:0 HLODRelevant:1
 |   |   |- [+] [ 45]
 |   |   |   |- Guid:67ACD32E4D4B53490A5413B588EC13D7 BaseClass: NativeClass:/Script/Engine.StaticMeshActor Name:StaticMeshActor_UAID_10E7C623556566D301_1817387982 Label:SM_Bottle_001 SpatiallyLoaded:1 Bounds:IsValid=true, Min=(X=-374.722 Y=2314.082 Z=155.092), Max=(X=-361.979 Y=2326.825 Z=197.533) RuntimeGrid:None EditorOnly:0 RuntimeOnly:0 HLODRelevant:1
 |   |   |- [+] [ 46]
 |   |   |   |- Guid:45A459F84963A72AAB0120BE95DD0AC3 BaseClass: NativeClass:/Script/Engine.StaticMeshActor Name:StaticMeshActor_UAID_10E7C623556566D301_1826723983 Label:SM_Bottle_2 SpatiallyLoaded:1 Bounds:IsValid=true, Min=(X=-374.722 Y=2221.997 Z=155.286), Max=(X=-361.979 Y=2234.740 Z=197.728) RuntimeGrid:None EditorOnly:0 RuntimeOnly:0 HLODRelevant:1
 |   |   |- [+] [ 47]
 |   |   |   |- Guid:593A3E7347C7C0CBB54D25933F3ECCB1 BaseClass: NativeClass:/Script/Engine.StaticMeshActor Name:StaticMeshActor_UAID_10E7C623556566D301_1833080984 Label:SM_Bottle_003 SpatiallyLoaded:1 Bounds:IsValid=true, Min=(X=-376.903 Y=2295.405 Z=155.328), Max=(X=-358.949 Y=2313.359 Z=193.906) RuntimeGrid:None EditorOnly:0 RuntimeOnly:0 HLODRelevant:1
 |   |   |- [+] [ 48]
 |   |   |   |- Guid:9E74B3AF40BDB95024ED8EBA7E95A4AB BaseClass: NativeClass:/Script/Engine.StaticMeshActor Name:StaticMeshActor_UAID_10E7C623556566D301_1845239985 Label:SM_Bottle_004 SpatiallyLoaded:1 Bounds:IsValid=true, Min=(X=-379.897 Y=2274.804 Z=155.013), Max=(X=-359.411 Y=2295.290 Z=191.778) RuntimeGrid:None EditorOnly:0 RuntimeOnly:0 HLODRelevant:1
 |   |   |- [+] [ 49]
 |   |   |   |- Guid:456AB7FD470E7F62EFA03BA1DCF1341D BaseClass: NativeClass:/Script/Engine.StaticMeshActor Name:StaticMeshActor_UAID_10E7C623556566D301_1869671986 Label:SM_Bottle_002 SpatiallyLoaded:1 Bounds:IsValid=true, Min=(X=-371.737 Y=2263.762 Z=155.384), Max=(X=-361.670 Y=2273.829 Z=199.253) RuntimeGrid:None EditorOnly:0 RuntimeOnly:0 HLODRelevant:1
 |   |   |- [+] [ 50]
 |   |   |   |- Guid:F5598B054D0CB3837AEA128857E8754B BaseClass: NativeClass:/Script/Engine.StaticMeshActor Name:StaticMeshActor_UAID_10E7C623556566D301_1881700987 Label:SM_Bottle_3 SpatiallyLoaded:1 Bounds:IsValid=true, Min=(X=-371.737 Y=2237.210 Z=155.384), Max=(X=-361.670 Y=2247.276 Z=199.253) RuntimeGrid:None EditorOnly:0 RuntimeOnly:0 HLODRelevant:1
 |   |   |- [+] [ 51]
 |   |   |   |- Guid:D74A5E9A425C65A5B9A681A961DFA4A5 BaseClass: NativeClass:/Script/Engine.StaticMeshActor Name:StaticMeshActor_UAID_10E7C623556566D301_1909126988 Label:SM_Bowl SpatiallyLoaded:1 Bounds:IsValid=true, Min=(X=-378.712 Y=2364.295 Z=198.064), Max=(X=-346.393 Y=2396.615 Z=214.215) RuntimeGrid:None EditorOnly:0 RuntimeOnly:0 HLODRelevant:1
 |   |   |- [+] [ 52]
 |   |   |   |- Guid:354B82354029BC970520ECB2C238BC9E BaseClass: NativeClass:/Script/Engine.StaticMeshActor Name:StaticMeshActor_UAID_10E7C623556566D301_1911607989 Label:SM_Bowl2 SpatiallyLoaded:1 Bounds:IsValid=true, Min=(X=-380.183 Y=2364.574 Z=204.094), Max=(X=-347.863 Y=2396.893 Z=220.245) RuntimeGrid:None EditorOnly:0 RuntimeOnly:0 HLODRelevant:1
 |   |   |- [+] [ 53]
 |   |   |   |- Guid:E3E6145848A82B1EBE4312A87F2ECC0C BaseClass: NativeClass:/Script/Engine.StaticMeshActor Name:StaticMeshActor_UAID_10E7C623556566D301_1935960990 Label:SM_Bowl3 SpatiallyLoaded:1 Bounds:IsValid=true, Min=(X=-380.183 Y=2364.574 Z=211.405), Max=(X=-347.863 Y=2396.893 Z=227.556) RuntimeGrid:None EditorOnly:0 RuntimeOnly:0 HLODRelevant:1
 |   |   |- [+] [ 54]
 |   |   |   |- Guid:2632E0554D2F5A40917FAAB83163F261 BaseClass: NativeClass:/Script/Engine.StaticMeshActor Name:StaticMeshActor_UAID_10E7C623556566D301_1959713991 Label:SM_Bottle_005 SpatiallyLoaded:1 Bounds:IsValid=true, Min=(X=-363.394 Y=2351.356 Z=197.991), Max=(X=-345.361 Y=2363.967 Z=226.849) RuntimeGrid:None EditorOnly:0 RuntimeOnly:0 HLODRelevant:1
 |   |   |- [+] [ 55]
 |   |   |   |- Guid:14CDDEE84C620D97AFB4F19CFFDB9258 BaseClass: NativeClass:/Script/Engine.StaticMeshActor Name:StaticMeshActor_UAID_10E7C623556566D301_2031117994 Label:SM_Sconce SpatiallyLoaded:1 Bounds:IsValid=true, Min=(X=-56.847 Y=2455.506 Z=195.769), Max=(X=-36.647 Y=2473.254 Z=246.062) RuntimeGrid:None EditorOnly:0 RuntimeOnly:0 HLODRelevant:1
 |   |   |- [+] [ 56]
 |   |   |   |- Guid:1E9172FF45876B869D4533B8D6EED66C BaseClass: NativeClass:/Script/Engine.StaticMeshActor Name:StaticMeshActor_UAID_10E7C623556566D301_2089932995 Label:SM_Sconce2 SpatiallyLoaded:1 Bounds:IsValid=true, Min=(X=-75.720 Y=2476.072 Z=195.769), Max=(X=-57.972 Y=2496.272 Z=246.062) RuntimeGrid:None EditorOnly:0 RuntimeOnly:0 HLODRelevant:1
 |   |   |- [+] [ 57]
 |   |   |   |- Guid:136928724F356CEFC2D08585E89290FF BaseClass: NativeClass:/Script/Engine.PointLight Name:PointLight_UAID_10E7C623556566D301_2127053996 Label:PointLight4 SpatiallyLoaded:1 Bounds:IsValid=true, Min=(X=-1044.664 Y=1463.963 Z=-751.099), Max=(X=955.336 Y=3463.963 Z=1248.901) RuntimeGrid:None EditorOnly:0 RuntimeOnly:0 HLODRelevant:0
 |   |   |- [+] [ 58]
 |   |   |   |- Guid:95AED18E4C6402B25F678CA1EFEE5FFA BaseClass: NativeClass:/Script/Engine.PointLight Name:PointLight_UAID_10E7C623556567D301_1109071173 Label:PointLight5 SpatiallyLoaded:1 Bounds:IsValid=true, Min=(X=-1063.776 Y=1489.462 Z=-749.153), Max=(X=936.224 Y=3489.462 Z=1250.847) RuntimeGrid:None EditorOnly:0 RuntimeOnly:0 HLODRelevant:0
 |- ContainerInstances:
 |- [+] MainContainer:
 |   |-        ID: 0x0000000000000000
 |   |-    Bounds: IsValid=false, Min=(X=0.000 Y=0.000 Z=0.000), Max=(X=0.000 Y=0.000 Z=0.000)
 |   |- Transform: 0.000000,0.000000,0.000000|0.000000,0.000000,-0.000000|1.000000,1.000000,1.000000
 |   |- Container: /Game/FirstPerson/Maps/FirstPersonMap
----------------------------------------------------------------------------------------------------------------
FirstPersonMap - Persistent Level
----------------------------------------------------------------------------------------------------------------
Always loaded Actor Count: 66 

----------------------------------------------------------------------------------------------------------------
FirstPersonMap - Runtime Spatial Hash - Streaming Grid - MainGrid
----------------------------------------------------------------------------------------------------------------
            Origin: X=0.000 Y=0.000 Z=0.000
         Cell Size: 12800
      World Bounds: IsValid=false, Min=(X=0.000 Y=0.000 Z=0.000), Max=(X=0.000 Y=0.000 Z=0.000)
     Loading Range: 25600.00
Block Slow Loading: No
 ClientOnlyVisible: No

[+] Grid Levels: 1
 |- Level  0: Cell Count    0 | Cell Size   12800 | Actor Count    0 (0.0%)

[+] Content of Grid Level 0

